# JRE version: Java(TM) SE Runtime Environment (8.0-b59)
# Java VM: Java HotSpot(TM) 64-Bit Server VM (25.0-b02 mixed mode linux-amd64 compressed oops)
Heap
 PSYoungGen      total 36800K, used 36793K [0x00000000d6cb0000, 0x00000000d95c0000, 0x00000000ffe00000)
  eden space 31552K, 100% used [0x00000000d6cb0000,0x00000000d8b80000,0x00000000d8b80000)
  from space 5248K, 99% used [0x00000000d8b80000,0x00000000d909e768,0x00000000d90a0000)
  to   space 5248K, 99% used [0x00000000d90a0000,0x00000000d95b85c8,0x00000000d95c0000)
 ParOldGen       total 947968K, used 868858K [0x0000000084a00000, 0x00000000be7c0000, 0x00000000d6cb0000)
  object space 947968K, 91% used [0x0000000084a00000,0x00000000b9a7ea98,0x00000000be7c0000)
 Metaspace total 11488K, used 11249K, reserved 14336K
  data space     10140K, used 10016K, reserved 12288K
  class space    1348K, used 1232K, reserved 2048K
GC Heap History (3 events):
Event: 0.996 GC heap before
{Heap before GC invocations=1 (full 0):
 PSYoungGen      total 36800K, used 31552K [0x00000000d6cb0000, 0x00000000d95c0000, 0x00000000ffe00000)
  eden space 31552K, 100% used [0x00000000d6cb0000,0x00000000d8b80000,0x00000000d8b80000)
  from space 5248K, 0% used [0x00000000d90a0000,0x00000000d90a0000,0x00000000d95c0000)
  to   space 5248K, 0% used [0x00000000d8b80000,0x00000000d8b80000,0x00000000d90a0000)
 ParOldGen       total 84096K, used 0K [0x0000000084a00000, 0x0000000089c20000, 0x00000000d6cb0000)
  object space 84096K, 0% used [0x0000000084a00000,0x0000000084a00000,0x0000000089c20000)
 Metaspace total 8556K, used 8322K, reserved 10240K
  data space     7580K, used 7427K, reserved 8192K
  class space    976K, used 894K, reserved 2048K
Event: 1.004 GC heap after
Heap after GC invocations=1 (full 0):
 PSYoungGen      total 36800K, used 5241K [0x00000000d6cb0000, 0x00000000d95c0000, 0x00000000ffe00000)
  eden space 31552K, 0% used [0x00000000d6cb0000,0x00000000d6cb0000,0x00000000d8b80000)
  from space 5248K, 99% used [0x00000000d8b80000,0x00000000d909e768,0x00000000d90a0000)
  to   space 5248K, 0% used [0x00000000d90a0000,0x00000000d90a0000,0x00000000d95c0000)
 ParOldGen       total 84096K, used 2575K [0x0000000084a00000, 0x0000000089c20000, 0x00000000d6cb0000)
  object space 84096K, 3% used [0x0000000084a00000,0x0000000084c83d98,0x0000000089c20000)
 Metaspace total 8556K, used 8322K, reserved 10240K
  data space     7580K, used 7427K, reserved 8192K
  class space    976K, used 894K, reserved 2048K
}
Event: 1.986 GC heap before
{Heap before GC invocations=2 (full 0):
 PSYoungGen      total 36800K, used 36793K [0x00000000d6cb0000, 0x00000000d95c0000, 0x00000000ffe00000)
  eden space 31552K, 100% used [0x00000000d6cb0000,0x00000000d8b80000,0x00000000d8b80000)
  from space 5248K, 99% used [0x00000000d8b80000,0x00000000d909e768,0x00000000d90a0000)
  to   space 5248K, 0% used [0x00000000d90a0000,0x00000000d90a0000,0x00000000d95c0000)
 ParOldGen       total 84096K, used 2575K [0x0000000084a00000, 0x0000000089c20000, 0x00000000d6cb0000)
  object space 84096K, 3% used [0x0000000084a00000,0x0000000084c83d98,0x0000000089c20000)
 Metaspace total 11488K, used 11249K, reserved 14336K
  data space     10140K, used 10016K, reserved 12288K
  class space    1348K, used 1232K, reserved 2048K

